28.11.2025 13:10:12.167 [VerboseDebug] Entering runphase Initialization
28.11.2025 13:10:12.170 [VerboseDebug] Entering runphase Configuration
28.11.2025 13:10:12.284 [VerboseDebug] Entering runphase LoadAssets
28.11.2025 13:10:12.391 [VerboseDebug] [VSCreativeMod.dll] Check for mod systems in mod /home/username/dev/VinatageStoryServerManager/server/versions/1.21.5/Mods/VSCreativeMod.dll
28.11.2025 13:10:12.411 [VerboseDebug] [VSCreativeMod.dll] Selected assembly /home/username/dev/VinatageStoryServerManager/server/versions/1.21.5/Mods/VSCreativeMod.dll
28.11.2025 13:10:12.418 [VerboseDebug] [VSEssentials.dll] Check for mod systems in mod /home/username/dev/VinatageStoryServerManager/server/versions/1.21.5/Mods/VSEssentials.dll
28.11.2025 13:10:12.424 [VerboseDebug] [VSEssentials.dll] Selected assembly /home/username/dev/VinatageStoryServerManager/server/versions/1.21.5/Mods/VSEssentials.dll
28.11.2025 13:10:12.426 [VerboseDebug] [VSSurvivalMod.dll] Check for mod systems in mod /home/username/dev/VinatageStoryServerManager/server/versions/1.21.5/Mods/VSSurvivalMod.dll
28.11.2025 13:10:12.433 [VerboseDebug] [VSSurvivalMod.dll] Selected assembly /home/username/dev/VinatageStoryServerManager/server/versions/1.21.5/Mods/VSSurvivalMod.dll
28.11.2025 13:10:12.441 [VerboseDebug] 3 assemblies loaded
28.11.2025 13:10:12.441 [VerboseDebug] Instantiate mod systems for game
28.11.2025 13:10:12.447 [VerboseDebug] Instantiate mod systems for creative
28.11.2025 13:10:12.448 [VerboseDebug] Instantiate mod systems for survival
28.11.2025 13:10:12.472 [VerboseDebug] Searching file system (including mods) for asset files
28.11.2025 13:10:12.488 [VerboseDebug] Finished building index of asset files
28.11.2025 13:10:12.541 [VerboseDebug] Reloaded lang file with mod assets
28.11.2025 13:10:12.550 [VerboseDebug] Started mods
28.11.2025 13:10:12.576 [VerboseDebug] Patch file game:patches/homosapiens.json, patch 0: Unmet IsValue condition (false!=True)
28.11.2025 13:10:12.576 [VerboseDebug] Patch file game:patches/homosapiens.json, patch 1: Unmet IsValue condition (false!=True)
28.11.2025 13:10:12.576 [VerboseDebug] Patch file game:patches/homosapiens.json, patch 2: Unmet IsValue condition (false!=True)
28.11.2025 13:10:12.576 [VerboseDebug] Patch file game:patches/homosapiens.json, patch 3: Unmet IsValue condition (false!=True)
28.11.2025 13:10:12.576 [VerboseDebug] Patch file game:patches/homosapiens.json, patch 4: Unmet IsValue condition (false!=True)
28.11.2025 13:10:12.576 [VerboseDebug] Patch file game:patches/homosapiens.json, patch 5: Unmet IsValue condition (false!=True)
28.11.2025 13:10:12.576 [VerboseDebug] Patch file game:patches/homosapiens.json, patch 6: Unmet IsValue condition (false!=True)
28.11.2025 13:10:12.576 [VerboseDebug] Patch file game:patches/homosapiens.json, patch 7: Unmet IsValue condition (false!=True)
28.11.2025 13:10:12.576 [VerboseDebug] Patch file game:patches/homosapiens.json, patch 8: Unmet IsValue condition (false!=True)
28.11.2025 13:10:12.576 [VerboseDebug] Patch file game:patches/unbucket.json, patch 0: Unmet IsValue condition (true!=False)
28.11.2025 13:10:12.576 [VerboseDebug] Patch file game:patches/unbucket.json, patch 1: Unmet IsValue condition (true!=False)
28.11.2025 13:10:12.576 [VerboseDebug] Patch file game:patches/keepinventory.json, patch 0: Unmet IsValue condition (keep!=drop)
28.11.2025 13:10:12.591 [VerboseDebug] Patch file game:patches/fallingblocks.json, patch 0: Unmet IsValue condition (sandgravelsoil!=sandgravel)
28.11.2025 13:10:12.591 [VerboseDebug] Patch file game:patches/fallingblocks.json, patch 1: Unmet IsValue condition (sandgravelsoil!=sandgravel)
28.11.2025 13:10:12.591 [VerboseDebug] Patch file game:patches/fallingblocks.json, patch 2: Unmet IsValue condition (sandgravelsoil!=sandgravel)
28.11.2025 13:10:12.591 [VerboseDebug] Patch file game:patches/fallingblocks.json, patch 3: Unmet IsValue condition (sandgravelsoil!=sandgravel)
28.11.2025 13:10:12.591 [VerboseDebug] Patch file game:patches/fallingblocks.json, patch 4: Unmet IsValue condition (sandgravelsoil!=sandgravel)
28.11.2025 13:10:12.591 [VerboseDebug] Patch file game:patches/fallingblocks.json, patch 5: Unmet IsValue condition (sandgravelsoil!=sandgravel)
28.11.2025 13:10:12.591 [VerboseDebug] Patch file game:patches/fallingblocks.json, patch 6: Unmet IsValue condition (sandgravelsoil!=sandgravel)
28.11.2025 13:10:12.591 [VerboseDebug] Patch file game:patches/fallingblocks.json, patch 7: Unmet IsValue condition (sandgravelsoil!=sandgravel)
28.11.2025 13:10:12.591 [VerboseDebug] Patch file game:patches/fallingblocks.json, patch 8: Unmet IsValue condition (sandgravelsoil!=sandgravel)
28.11.2025 13:10:12.591 [VerboseDebug] Patch file game:patches/fallingblocks.json, patch 9: Unmet IsValue condition (sandgravelsoil!=sandgravel)
28.11.2025 13:10:12.591 [VerboseDebug] Patch file game:patches/fallingblocks.json, patch 10: Unmet IsValue condition (sandgravelsoil!=sandgravel)
28.11.2025 13:10:12.592 [VerboseDebug] Patchloader finished
28.11.2025 13:10:12.597 [VerboseDebug] Starting to gather blocktypes, itemtypes and entities
28.11.2025 13:10:12.712 [VerboseDebug] Starting parsing ItemTypes in 3 threads
28.11.2025 13:10:13.081 [VerboseDebug] Gathered all types, starting to load items
28.11.2025 13:10:13.378 [VerboseDebug] Parsed and loaded items
28.11.2025 13:10:14.675 [VerboseDebug] Parsed and loaded blocks
28.11.2025 13:10:14.880 [VerboseDebug] Parsed and loaded entities
28.11.2025 13:10:14.883 [VerboseDebug] Loaded 12 entity tags from 'game' domain: state-swimming, state-feet-in-liquid, state-flying, state-on-ground, state-moving, state-alive, state-aiming, state-sprinting, state-sneaking, state-armed, state-armed-melee, state-armed-ranged
28.11.2025 13:10:14.883 [VerboseDebug] Loaded 4 item tags from 'game' domain: weapon, weapon-melee, weapon-ranged, has-open-fire
28.11.2025 13:10:14.883 [VerboseDebug] Loaded 1 block tags from 'game' domain: has-open-fire
28.11.2025 13:10:14.884 [VerboseDebug] BlockID Remapper: Begin
28.11.2025 13:10:14 [Debug] Block IDs not found in savegame.
28.11.2025 13:10:14.890 [VerboseDebug] Max BlockID is 13445
28.11.2025 13:10:14.891 [VerboseDebug] Found 0 blocks requiring remapping and 13446 new blocks
28.11.2025 13:10:14 [Debug] Found 0 missing blocks
28.11.2025 13:10:14 [Debug] Added 13446 new blocks to the mapping
28.11.2025 13:10:14 [Debug] Block IDs have been written to savegame. Saved max BlockID was 13445
28.11.2025 13:10:14 [Debug] ItemID Remapper: Begin
28.11.2025 13:10:14 [Debug] Item IDs not found in savegame.
28.11.2025 13:10:14 [Debug] Found 0 Item requiring remapping
28.11.2025 13:10:14 [Debug] Found 0 missing Items
28.11.2025 13:10:14 [Debug] Added 3864 new Items to the mapping
28.11.2025 13:10:14 [Debug] Item IDs have been written to savegame
28.11.2025 13:10:15.303 [VerboseDebug] Block simulation resolving collectibles
28.11.2025 13:10:15.318 [VerboseDebug] Resolved blocks stacks
28.11.2025 13:10:15.320 [VerboseDebug] Resolved items stacks
28.11.2025 13:10:15.321 [VerboseDebug] Entering runphase AssetsFinalize
28.11.2025 13:10:15.607 [VerboseDebug] Entering runphase LoadGamePre
28.11.2025 13:10:15.607 [VerboseDebug] Starting system: Core
28.11.2025 13:10:15.607 [VerboseDebug] Starting system: EntityPartitioning
28.11.2025 13:10:15.607 [VerboseDebug] Starting system: ErrorReporter
28.11.2025 13:10:15.608 [VerboseDebug] Starting system: GenTerra
28.11.2025 13:10:15.608 [VerboseDebug] Starting system: GenSnowLayer
28.11.2025 13:10:15.608 [VerboseDebug] Starting system: ModSystemControlPoints
28.11.2025 13:10:15.608 [VerboseDebug] Starting system: Core
28.11.2025 13:10:15.608 [VerboseDebug] Starting system: SurvivalCoreSystem
28.11.2025 13:10:15.609 [VerboseDebug] Starting system: GenTerraPostProcess
28.11.2025 13:10:15.609 [VerboseDebug] Starting system: ModCompatiblityUtil
28.11.2025 13:10:15.610 [VerboseDebug] Starting system: ModJsonPatchLoader
28.11.2025 13:10:15.610 [VerboseDebug] Starting system: FluffyCloudsModSystem
28.11.2025 13:10:15.610 [VerboseDebug] Starting system: PathfindSystem
28.11.2025 13:10:15.610 [VerboseDebug] Starting system: PathFindDebug
28.11.2025 13:10:15.610 [VerboseDebug] Starting system: PathfindingAsync
28.11.2025 13:10:15.611 [VerboseDebug] Starting system: JsonExport
28.11.2025 13:10:15.611 [VerboseDebug] Starting system: ModBasicBlocksLoader
28.11.2025 13:10:15.611 [VerboseDebug] Starting system: AiRuntimeConfig
28.11.2025 13:10:15.611 [VerboseDebug] Starting system: ModSystemSyncHarvestableDropsToClient
28.11.2025 13:10:15.611 [VerboseDebug] Starting system: ModSystemEmotes
28.11.2025 13:10:15.611 [VerboseDebug] Starting system: LeafBlockDecay
28.11.2025 13:10:15.611 [VerboseDebug] Starting system: POIRegistry
28.11.2025 13:10:15.612 [VerboseDebug] Starting system: RoomRegistry
28.11.2025 13:10:15.612 [VerboseDebug] Starting system: WeatherSystemCommands
28.11.2025 13:10:15.612 [VerboseDebug] Starting system: WeatherSystemServer
28.11.2025 13:10:15.632 [VerboseDebug] Starting system: WorldMapManager
28.11.2025 13:10:15.633 [VerboseDebug] Starting system: WorldEdit
28.11.2025 13:10:15.635 [VerboseDebug] Starting system: StoryLockableDoor
28.11.2025 13:10:15.636 [VerboseDebug] Starting system: StoryGenFailedSystem
28.11.2025 13:10:15.636 [VerboseDebug] Starting system: UpgradeTasks
28.11.2025 13:10:15.636 [VerboseDebug] Starting system: ChiselBlockBulkSetMaterial
28.11.2025 13:10:15.636 [VerboseDebug] Starting system: ModSystemDetailModeSync
28.11.2025 13:10:15.636 [VerboseDebug] Starting system: NpcControl
28.11.2025 13:10:15.637 [VerboseDebug] Starting system: ModSystemTiledDungeonGenerator
28.11.2025 13:10:15.637 [VerboseDebug] Starting system: GenFromHeightmap
28.11.2025 13:10:15.637 [VerboseDebug] Starting system: GenMaps
28.11.2025 13:10:15.637 [VerboseDebug] Starting system: GenRockStrataNew
28.11.2025 13:10:15.637 [VerboseDebug] Starting system: GenHotSprings
28.11.2025 13:10:15.637 [VerboseDebug] Starting system: GenCreatures
28.11.2025 13:10:15.638 [VerboseDebug] Starting system: ModSystemExplosionAffectedStability
28.11.2025 13:10:15.638 [VerboseDebug] Starting system: MyceliumSystem
28.11.2025 13:10:15.638 [VerboseDebug] Starting system: ModsystemButterflySpawnCondsExtra
28.11.2025 13:10:15.638 [VerboseDebug] Starting system: ModSystemCatchCreature
28.11.2025 13:10:15.638 [VerboseDebug] Starting system: ModSystemGliding
28.11.2025 13:10:15.638 [VerboseDebug] Starting system: ModSystemSwoopDev
28.11.2025 13:10:15.638 [VerboseDebug] Starting system: Timeswitch
28.11.2025 13:10:15.639 [VerboseDebug] Starting system: ClutterBookshelfUtil
28.11.2025 13:10:15.639 [VerboseDebug] Starting system: ScreenshakeToClientModSystem
28.11.2025 13:10:15.639 [VerboseDebug] Starting system: ModSystemResoArchiveCommands
28.11.2025 13:10:15.639 [VerboseDebug] Starting system: StoryStructuresSpawnConditions
28.11.2025 13:10:15.639 [VerboseDebug] Starting system: ModSystemNPCHairStyling
28.11.2025 13:10:15.640 [VerboseDebug] Starting system: ModSystemSkinnableAdditions
28.11.2025 13:10:15.640 [VerboseDebug] Starting system: ModSystemVillagerDebug
28.11.2025 13:10:15.640 [VerboseDebug] Starting system: ModSystemAuction
28.11.2025 13:10:15.640 [VerboseDebug] Starting system: ModSystemBlockReinforcement
28.11.2025 13:10:15.640 [VerboseDebug] Starting system: Core
28.11.2025 13:10:15.641 [VerboseDebug] Starting system: ModSystemBoatingSoundAndRatlineStamina
28.11.2025 13:10:15.641 [VerboseDebug] Starting system: CharacterSystem
28.11.2025 13:10:15.641 [VerboseDebug] Starting system: VariablesModSystem
28.11.2025 13:10:15.641 [VerboseDebug] Starting system: ModsystemElevator
28.11.2025 13:10:15.641 [VerboseDebug] Starting system: ActivityModSystem
28.11.2025 13:10:15.641 [VerboseDebug] Starting system: ActivityEditorSystem
28.11.2025 13:10:15.642 [VerboseDebug] Starting system: FruitingSystem
28.11.2025 13:10:15.642 [VerboseDebug] Starting system: ModSystemCommandHandbook
28.11.2025 13:10:15.642 [VerboseDebug] Starting system: ModSystemTutorial
28.11.2025 13:10:15.642 [VerboseDebug] Starting system: ModSystemCorpseReturnTeleporter
28.11.2025 13:10:15.642 [VerboseDebug] Starting system: ModSystemNightVision
28.11.2025 13:10:15.642 [VerboseDebug] Starting system: TobiasTeleporter
28.11.2025 13:10:15.642 [VerboseDebug] Starting system: ModJournal
28.11.2025 13:10:15.643 [VerboseDebug] Starting system: LiquidItemStackRenderer
28.11.2025 13:10:15.643 [VerboseDebug] Starting system: ModSystemStructureLocator
28.11.2025 13:10:15.643 [VerboseDebug] Starting system: ModLootRandomizer
28.11.2025 13:10:15.643 [VerboseDebug] Starting system: ModSystemEntityOwnership
28.11.2025 13:10:15.643 [VerboseDebug] Starting system: ModSystemRifts
28.11.2025 13:10:15.643 [VerboseDebug] Starting system: ModSystemRiftWeather
28.11.2025 13:10:15.646 [VerboseDebug] Starting system: ModSleeping
28.11.2025 13:10:15.646 [VerboseDebug] Starting system: ModSystemSupportBeamPlacer
28.11.2025 13:10:15.646 [VerboseDebug] Starting system: TeleporterManager
28.11.2025 13:10:15.646 [VerboseDebug] Starting system: ModTemperature
28.11.2025 13:10:15.646 [VerboseDebug] Starting system: SystemTemporalStability
28.11.2025 13:10:15.646 [VerboseDebug] Starting system: TemporalStabilityEffects
28.11.2025 13:10:15.647 [VerboseDebug] Starting system: ModSystemWearableStats
28.11.2025 13:10:15.647 [VerboseDebug] Starting system: ModSystemEditableBook
28.11.2025 13:10:15.647 [VerboseDebug] Starting system: MechanicalPowerMod
28.11.2025 13:10:15.647 [VerboseDebug] Starting system: GenDungeons
28.11.2025 13:10:15.677 [VerboseDebug] Starting system: ModRegistryObjectTypeLoader
28.11.2025 13:10:15.677 [VerboseDebug] Starting system: GenDeposits
28.11.2025 13:10:15.677 [VerboseDebug] Starting system: GenStoryStructures
28.11.2025 13:10:15.677 [VerboseDebug] Starting system: LoadColorMaps
28.11.2025 13:10:15.677 [VerboseDebug] Starting system: GenCaves
28.11.2025 13:10:15.677 [VerboseDebug] Starting system: GenStructures
28.11.2025 13:10:15.678 [VerboseDebug] Starting system: WgenCommands
28.11.2025 13:10:15.679 [VerboseDebug] Starting system: GenDevastationLayer
28.11.2025 13:10:15.679 [VerboseDebug] Starting system: ClothManager
28.11.2025 13:10:15.680 [VerboseDebug] Starting system: GenBlockLayersFlat
28.11.2025 13:10:15.680 [VerboseDebug] Starting system: GenBlockLayers
28.11.2025 13:10:15.680 [VerboseDebug] Starting system: GenPonds
28.11.2025 13:10:15.680 [VerboseDebug] Starting system: GenStructuresPosPass
28.11.2025 13:10:15.680 [VerboseDebug] Starting system: GenVegetationAndPatches
28.11.2025 13:10:15.680 [VerboseDebug] Starting system: RecipeRegistrySystem
28.11.2025 13:10:15.680 [VerboseDebug] Starting system: GenRivulets
28.11.2025 13:10:15.680 [VerboseDebug] Starting system: GenLightCreative
28.11.2025 13:10:15.681 [VerboseDebug] Starting system: GenLightSurvival
28.11.2025 13:10:15.681 [VerboseDebug] Starting system: GridRecipeLoader
28.11.2025 13:10:15.681 [VerboseDebug] Starting system: RecipeLoader
28.11.2025 13:10:15.681 [VerboseDebug] Starting system: ModSystemFireFromLightning
28.11.2025 13:10:15.681 [VerboseDebug] Starting system: ModSystemOreMap
28.11.2025 13:10:15.681 [VerboseDebug] Starting system: ModSystemSnowballs
28.11.2025 13:10:15.681 [VerboseDebug] Starting system: HumanoidOutfits
28.11.2025 13:10:15.681 [VerboseDebug] Starting system: ModSystemDevastationEffects
28.11.2025 13:10:15.681 [VerboseDebug] Starting system: DisableRecipeRegisteringSystem
28.11.2025 13:10:15.695 [VerboseDebug] Entity shape loading starting ...
28.11.2025 13:10:17.058 [VerboseDebug] Entity shape loading completed
28.11.2025 13:10:17 [Debug] Loading leaf block decay system
28.11.2025 13:10:17 [Debug] Finished loading leaf block decay system
28.11.2025 13:10:17 [Debug] Block simulation loaded blocks
28.11.2025 13:10:17.401 [VerboseDebug] Initialised GenRockStrata
28.11.2025 13:10:17 [Debug] Block simulation loaded items
28.11.2025 13:10:17.418 [VerboseDebug] Entering runphase GameReady
28.11.2025 13:10:17.425 [VerboseDebug] Entering runphase WorldReady
28.11.2025 13:10:17.430 [VerboseDebug] Starting to build server assets packet
28.11.2025 13:10:17.432 [VerboseDebug] Init worldgen for GenTerra
28.11.2025 13:10:17.433 [VerboseDebug] Init worldgen for GenSnowLayer
28.11.2025 13:10:17.433 [VerboseDebug] Init worldgen for GenMaps
28.11.2025 13:10:17.444 [VerboseDebug] Init worldgen for GenRockStrataNew
28.11.2025 13:10:17.444 [VerboseDebug] Initialised GenRockStrata
28.11.2025 13:10:17.444 [VerboseDebug] Init worldgen for GenHotSprings
28.11.2025 13:10:17.445 [VerboseDebug] Init worldgen for GenCreatures
28.11.2025 13:10:17.447 [VerboseDebug] Init worldgen for GenDeposits
28.11.2025 13:10:17.449 [VerboseDebug] Initialised GenDeposits
28.11.2025 13:10:17.449 [VerboseDebug] Init worldgen for GenStoryStructures
28.11.2025 13:10:17.496 [VerboseDebug] Initialised GenDeposits
28.11.2025 13:10:18.030 [VerboseDebug] Init worldgen for GenCaves
28.11.2025 13:10:18.030 [VerboseDebug] Init worldgen for GenStructures
28.11.2025 13:10:18.232 [VerboseDebug] Finished building server assets packet
28.11.2025 13:10:18.295 [VerboseDebug] Init worldgen for WgenCommands
28.11.2025 13:10:18.295 [VerboseDebug] Init worldgen for GenDevastationLayer
28.11.2025 13:10:18.296 [VerboseDebug] Setup dim2 496064, 507040
28.11.2025 13:10:18.309 [VerboseDebug] Init worldgen for GenBlockLayers
28.11.2025 13:10:18.310 [VerboseDebug] Init worldgen for GenPonds
28.11.2025 13:10:18.310 [VerboseDebug] Init worldgen for GenVegetationAndPatches
28.11.2025 13:10:18.358 [VerboseDebug] Init worldgen for GenRivulets
28.11.2025 13:10:18.358 [VerboseDebug] Done all worldgens
28.11.2025 13:10:18.360 [VerboseDebug] Starting area loading/generation: columns 49, total queue length 49
28.11.2025 13:10:26.477 [VerboseDebug] Completed area loading/generation
28.11.2025 13:10:26.524 [VerboseDebug] Done spawn chunk
28.11.2025 13:10:26.524 [VerboseDebug] Entering runphase RunGame
